0 info it worked if it ends with ok
1 verbose cli [ 'node', '/usr/local/bin/npm', 'install', '-g', 'node-inspector' ]
2 info using npm@1.4.28
3 info using node@v0.10.32
4 verbose cache add [ 'node-inspector', null ]
5 verbose cache add name=undefined spec="node-inspector" args=["node-inspector",null]
6 verbose parsed url { protocol: null,
6 verbose parsed url   slashes: null,
6 verbose parsed url   auth: null,
6 verbose parsed url   host: null,
6 verbose parsed url   port: null,
6 verbose parsed url   hostname: null,
6 verbose parsed url   hash: null,
6 verbose parsed url   search: null,
6 verbose parsed url   query: null,
6 verbose parsed url   pathname: 'node-inspector',
6 verbose parsed url   path: 'node-inspector',
6 verbose parsed url   href: 'node-inspector' }
7 silly lockFile 4198ef9e-node-inspector node-inspector
8 verbose lock node-inspector /Users/tony/.npm/4198ef9e-node-inspector.lock
9 silly lockFile 4198ef9e-node-inspector node-inspector
10 silly lockFile 4198ef9e-node-inspector node-inspector
11 verbose addNamed [ 'node-inspector', '' ]
12 verbose addNamed [ null, '*' ]
13 silly lockFile e68b88da-node-inspector node-inspector@
14 verbose lock node-inspector@ /Users/tony/.npm/e68b88da-node-inspector.lock
15 silly addNameRange { name: 'node-inspector', range: '*', hasData: false }
16 verbose request where is /node-inspector
17 verbose request registry http://registry.npm.taobao.org/
18 verbose request id 74b773568ee67d68
19 verbose url raw /node-inspector
20 verbose url resolving [ 'http://registry.npm.taobao.org/', './node-inspector' ]
21 verbose url resolved http://registry.npm.taobao.org/node-inspector
22 verbose request where is http://registry.npm.taobao.org/node-inspector
23 info trying registry request attempt 1 at 23:25:54
24 verbose etag "1425981514000"
25 http GET http://registry.npm.taobao.org/node-inspector
26 http 304 http://registry.npm.taobao.org/node-inspector
27 silly registry.get cb [ 304,
27 silly registry.get   { server: 'nginx/1.1.19',
27 silly registry.get     date: 'Mon, 23 Mar 2015 15:25:54 GMT',
27 silly registry.get     connection: 'keep-alive',
27 silly registry.get     etag: '"1425981514000"',
27 silly registry.get     'x-readtime': '6' } ]
28 verbose etag http://registry.npm.taobao.org/node-inspector from cache
29 silly addNameRange number 2 { name: 'node-inspector', range: '*', hasData: true }
30 silly addNameRange versions [ 'node-inspector',
30 silly addNameRange   [ '0.9.2',
30 silly addNameRange     '0.9.1',
30 silly addNameRange     '0.9.0',
30 silly addNameRange     '0.8.3',
30 silly addNameRange     '0.8.1',
30 silly addNameRange     '0.8.0',
30 silly addNameRange     '0.7.4',
30 silly addNameRange     '0.7.3',
30 silly addNameRange     '0.2.0-beta1',
30 silly addNameRange     '0.2.0-beta2',
30 silly addNameRange     '0.2.0-beta3',
30 silly addNameRange     '0.2.0-beta4',
30 silly addNameRange     '0.7.0-2',
30 silly addNameRange     '0.3.1',
30 silly addNameRange     '0.1.9',
30 silly addNameRange     '0.1.1',
30 silly addNameRange     '0.0.3',
30 silly addNameRange     '0.7.2',
30 silly addNameRange     '0.7.1',
30 silly addNameRange     '0.7.0',
30 silly addNameRange     '0.3.0-preview1',
30 silly addNameRange     '0.7.0-1',
30 silly addNameRange     '0.6.2',
30 silly addNameRange     '0.6.1',
30 silly addNameRange     '0.6.0',
30 silly addNameRange     '0.5.0',
30 silly addNameRange     '0.4.0',
30 silly addNameRange     '0.3.4',
30 silly addNameRange     '0.3.3',
30 silly addNameRange     '0.3.2',
30 silly addNameRange     '0.3.0',
30 silly addNameRange     '0.1.10',
30 silly addNameRange     '0.1.8',
30 silly addNameRange     '0.1.0',
30 silly addNameRange     '0.0.1',
30 silly addNameRange     '0.0.2',
30 silly addNameRange     '0.1.7',
30 silly addNameRange     '0.1.5',
30 silly addNameRange     '0.1.4',
30 silly addNameRange     '0.1.3',
30 silly addNameRange     '0.1.2',
30 silly addNameRange     '0.1.6',
30 silly addNameRange     '0.0.4' ] ]
31 verbose addNamed [ 'node-inspector', '0.9.2' ]
32 verbose addNamed [ '0.9.2', '0.9.2' ]
33 silly lockFile af3dbc72-node-inspector-0-9-2 node-inspector@0.9.2
34 verbose lock node-inspector@0.9.2 /Users/tony/.npm/af3dbc72-node-inspector-0-9-2.lock
35 silly lockFile af3dbc72-node-inspector-0-9-2 node-inspector@0.9.2
36 silly lockFile af3dbc72-node-inspector-0-9-2 node-inspector@0.9.2
37 silly lockFile e68b88da-node-inspector node-inspector@
38 silly lockFile e68b88da-node-inspector node-inspector@
39 silly resolved [ { name: 'node-inspector',
39 silly resolved     version: '0.9.2',
39 silly resolved     description: 'Web Inspector based nodeJS debugger',
39 silly resolved     homepage: 'http://github.com/node-inspector/node-inspector',
39 silly resolved     author: { name: 'Danny Coates', email: 'dannycoates@gmail.com' },
39 silly resolved     keywords: [ 'debug', 'debugger', 'inspector', 'profiler' ],
39 silly resolved     repository:
39 silly resolved      { type: 'git',
39 silly resolved        url: 'http://github.com/node-inspector/node-inspector.git' },
39 silly resolved     engines: { node: '>=0.8.0' },
39 silly resolved     bin:
39 silly resolved      { 'node-inspector': './bin/inspector.js',
39 silly resolved        'node-debug': './bin/node-debug.js' },
39 silly resolved     dependencies:
39 silly resolved      { express: '^4.8.0',
39 silly resolved        'serve-favicon': '^2.1.1',
39 silly resolved        async: '~0.9',
39 silly resolved        glob: '^4.3.5',
39 silly resolved        rc: '~0.5.0',
39 silly resolved        'strong-data-uri': '~0.1.0',
39 silly resolved        debug: '^1.0',
39 silly resolved        ws: '~0.4.31',
39 silly resolved        'biased-opener': '~0.2.2',
39 silly resolved        yargs: '^1.2.1',
39 silly resolved        which: '^1.0.5',
39 silly resolved        'v8-debug': '~0.4.2',
39 silly resolved        'v8-profiler': '~5.2.4',
39 silly resolved        semver: '^3.0.1' },
39 silly resolved     devDependencies:
39 silly resolved      { mocha: '^1.21',
39 silly resolved        chai: '^1.9',
39 silly resolved        jshint: '^2.4.4',
39 silly resolved        'fs-extra': '~0.8.1' },
39 silly resolved     preferGlobal: true,
39 silly resolved     scripts: { pretest: 'jshint .', test: 'mocha' },
39 silly resolved     contributors:
39 silly resolved      [ [Object],
39 silly resolved        [Object],
39 silly resolved        [Object],
39 silly resolved        [Object],
39 silly resolved        [Object],
39 silly resolved        [Object],
39 silly resolved        [Object],
39 silly resolved        [Object],
39 silly resolved        [Object],
39 silly resolved        [Object],
39 silly resolved        [Object],
39 silly resolved        [Object],
39 silly resolved        [Object],
39 silly resolved        [Object],
39 silly resolved        [Object],
39 silly resolved        [Object],
39 silly resolved        [Object],
39 silly resolved        [Object],
39 silly resolved        [Object],
39 silly resolved        [Object],
39 silly resolved        [Object],
39 silly resolved        [Object],
39 silly resolved        [Object],
39 silly resolved        [Object],
39 silly resolved        [Object],
39 silly resolved        [Object],
39 silly resolved        [Object],
39 silly resolved        [Object],
39 silly resolved        [Object],
39 silly resolved        [Object],
39 silly resolved        [Object] ],
39 silly resolved     gitHead: '29edd94ad8a93b794e8710e30f0f20b7ba2e752f',
39 silly resolved     bugs: { url: 'https://github.com/node-inspector/node-inspector/issues' },
39 silly resolved     _id: 'node-inspector@0.9.2',
39 silly resolved     _shasum: 'f25e2be0dbd672f7f09b50af01ef81da3157ae7c',
39 silly resolved     _from: 'node-inspector@',
39 silly resolved     _npmVersion: '2.7.0',
39 silly resolved     _nodeVersion: '1.5.1',
39 silly resolved     _npmUser: { name: 'bajtos', email: 'miro.bajtos@gmail.com' },
39 silly resolved     maintainers: [ [Object], [Object], [Object], [Object], [Object] ],
39 silly resolved     dist:
39 silly resolved      { shasum: 'f25e2be0dbd672f7f09b50af01ef81da3157ae7c',
39 silly resolved        size: 1749444,
39 silly resolved        noattachment: false,
39 silly resolved        tarball: 'http://registry.npm.taobao.org/node-inspector/download/node-inspector-0.9.2.tgz' },
39 silly resolved     directories: {},
39 silly resolved     publish_time: 1425980410024,
39 silly resolved     _cnpm_publish_time: 1425980410024,
39 silly resolved     _resolved: 'http://registry.npm.taobao.org/node-inspector/download/node-inspector-0.9.2.tgz',
39 silly resolved     readme: 'ERROR: No README data found!' } ]
40 info install node-inspector@0.9.2 into /usr/local/lib
41 info installOne node-inspector@0.9.2
42 verbose lib/node_modules/node-inspector unbuild
43 verbose tar unpack /Users/tony/.npm/node-inspector/0.9.2/package.tgz
44 silly lockFile 6e6fbd08--lib-node-modules-node-inspector tar:///usr/local/lib/node_modules/node-inspector
45 verbose lock tar:///usr/local/lib/node_modules/node-inspector /Users/tony/.npm/6e6fbd08--lib-node-modules-node-inspector.lock
46 silly lockFile c9d8fc96-node-inspector-0-9-2-package-tgz tar:///Users/tony/.npm/node-inspector/0.9.2/package.tgz
47 verbose lock tar:///Users/tony/.npm/node-inspector/0.9.2/package.tgz /Users/tony/.npm/c9d8fc96-node-inspector-0-9-2-package-tgz.lock
48 silly gunzTarPerm modes [ '755', '644' ]
49 error Error: EACCES, mkdir '/usr/local/lib/node_modules/node-inspector'
49 error  { [Error: EACCES, mkdir '/usr/local/lib/node_modules/node-inspector']
49 error   errno: 3,
49 error   code: 'EACCES',
49 error   path: '/usr/local/lib/node_modules/node-inspector',
49 error   fstream_type: 'Directory',
49 error   fstream_path: '/usr/local/lib/node_modules/node-inspector',
49 error   fstream_class: 'DirWriter',
49 error   fstream_stack:
49 error    [ '/usr/local/lib/node_modules/npm/node_modules/fstream/lib/dir-writer.js:36:23',
49 error      '/usr/local/lib/node_modules/npm/node_modules/mkdirp/index.js:46:53',
49 error      'Object.oncomplete (fs.js:107:15)' ] }
50 error Please try running this command again as root/Administrator.
51 error System Darwin 14.0.0
52 error command "node" "/usr/local/bin/npm" "install" "-g" "node-inspector"
53 error cwd /Users/tony/workspace/nodeProject/oa
54 error node -v v0.10.32
55 error npm -v 1.4.28
56 error path /usr/local/lib/node_modules/node-inspector
57 error fstream_path /usr/local/lib/node_modules/node-inspector
58 error fstream_type Directory
59 error fstream_class DirWriter
60 error code EACCES
61 error errno 3
62 error stack Error: EACCES, mkdir '/usr/local/lib/node_modules/node-inspector'
63 error fstream_stack /usr/local/lib/node_modules/npm/node_modules/fstream/lib/dir-writer.js:36:23
63 error fstream_stack /usr/local/lib/node_modules/npm/node_modules/mkdirp/index.js:46:53
63 error fstream_stack Object.oncomplete (fs.js:107:15)
64 verbose exit [ 3, true ]
